#
# There is insufficient memory for the Java Runtime Environment to continue.
# Native memory allocation (malloc) failed to allocate 141136 bytes for Chunk::new
# Possible reasons:
#   The system is out of physical RAM or swap space
#   The process is running with CompressedOops enabled, and the Java Heap may be blocking the growth of the native heap
# Possible solutions:
#   Reduce memory load on the system
#   Increase physical memory or swap space
#   Check if swap backing store is full
#   Decrease Java heap size (-Xmx/-Xms)
#   Decrease number of Java threads
#   Decrease Java thread stack sizes (-Xss)
#   Set larger code cache with -XX:ReservedCodeCacheSize=
#   JVM is running with Unscaled Compressed Oops mode in which the Java heap is
#     placed in the first 4GB address space. The Java Heap base address is the
#     maximum limit for the native heap growth. Please use -XX:HeapBaseMinAddress
#     to set the Java Heap base and to place the Java Heap above 4GB virtual address.
# This output file may be truncated or incomplete.
#
#  Out of Memory Error (allocation.cpp:389), pid=8040, tid=0x0000000000001d9c
#
# JRE version: Java(TM) SE Runtime Environment (8.0_221-b11) (build 1.8.0_221-b11)
# Java VM: Java HotSpot(TM) 64-Bit Server VM (25.221-b11 mixed mode windows-amd64 compressed oops)
# Failed to write core dump. Minidumps are not enabled by default on client versions of Windows
#

---------------  T H R E A D  ---------------

Current thread (0x0000000017551000):  JavaThread "C2 CompilerThread0" daemon [_thread_in_native, id=7580, stack(0x0000000018bc0000,0x0000000018cc0000)]

Stack: [0x0000000018bc0000,0x0000000018cc0000]
[error occurred during error reporting (printing stack bounds), id 0xc0000005]

Native frames: (J=compiled Java code, j=interpreted, Vv=VM code, C=native code)


Current CompileTask:
C2:  29671 5962   !   4       sun.nio.cs.StreamEncoder::write (78 bytes)


---------------  P R O C E S S  ---------------

Java Threads: ( => current thread )
  0x000000001d3fb000 JavaThread "Thread-5" [_thread_in_native, id=12032, stack(0x000000001fd60000,0x000000001fe60000)]
  0x000000001a623800 JavaThread "Thread-4" [_thread_in_native, id=11740, stack(0x000000001fc60000,0x000000001fd60000)]
  0x0000000019fe0800 JavaThread "Thread-3" [_thread_blocked, id=2400, stack(0x000000001fb60000,0x000000001fc60000)]
  0x000000001d577000 JavaThread "ThreadedStreamConsumer" daemon [_thread_in_vm, id=13804, stack(0x000000001fa60000,0x000000001fb60000)]
  0x000000001beb3800 JavaThread "ping-timer-10s" daemon [_thread_blocked, id=1572, stack(0x000000001f960000,0x000000001fa60000)]
  0x000000001e13c800 JavaThread "timeout-check-timer" daemon [_thread_blocked, id=12760, stack(0x000000001f660000,0x000000001f760000)]
  0x000000001e1cb000 JavaThread "resolver-5" daemon [_thread_blocked, id=2824, stack(0x000000001f560000,0x000000001f660000)]
  0x000000001c727800 JavaThread "resolver-4" daemon [_thread_blocked, id=14020, stack(0x000000001f460000,0x000000001f560000)]
  0x000000001a1bd800 JavaThread "resolver-3" daemon [_thread_blocked, id=6988, stack(0x000000001f360000,0x000000001f460000)]
  0x000000001a197800 JavaThread "resolver-2" daemon [_thread_blocked, id=11468, stack(0x000000001f260000,0x000000001f360000)]
  0x000000001bf8d000 JavaThread "resolver-1" daemon [_thread_blocked, id=13924, stack(0x000000001ee20000,0x000000001ef20000)]
  0x00000000175ac000 JavaThread "Service Thread" daemon [_thread_blocked, id=10372, stack(0x00000000192c0000,0x00000000193c0000)]
  0x0000000018dd0800 JavaThread "C1 CompilerThread2" daemon [_thread_in_native, id=11984, stack(0x00000000191c0000,0x00000000192c0000)]
  0x0000000017554000 JavaThread "C2 CompilerThread1" daemon [_thread_in_vm, id=9712, stack(0x0000000018cc0000,0x0000000018dc0000)]
=>0x0000000017551000 JavaThread "C2 CompilerThread0" daemon [_thread_in_native, id=7580, stack(0x0000000018bc0000,0x0000000018cc0000)]
  0x000000001754f000 JavaThread "Attach Listener" daemon [_thread_blocked, id=2500, stack(0x0000000018ac0000,0x0000000018bc0000)]
  0x000000001754e000 JavaThread "Signal Dispatcher" daemon [_thread_blocked, id=6924, stack(0x00000000189c0000,0x0000000018ac0000)]
  0x0000000002a57000 JavaThread "Finalizer" daemon [_thread_blocked, id=9748, stack(0x00000000187b0000,0x00000000188b0000)]
  0x000000001753a000 JavaThread "Reference Handler" daemon [_thread_blocked, id=10600, stack(0x00000000186b0000,0x00000000187b0000)]
  0x0000000002962800 JavaThread "main" [_thread_in_native, id=808, stack(0x00000000027e0000,0x00000000028e0000)]

Other Threads:
  0x0000000017518000 VMThread [stack: 0x00000000185b0000,0x00000000186b0000] [id=1364]
  0x00000000175ae000 WatcherThread [stack: 0x00000000193c0000,0x00000000194c0000] [id=14268]

VM state:not at safepoint (normal execution)

VM Mutex/Monitor currently owned by a thread: None

heap address: 0x0000000082000000, size: 2016 MB, Compressed Oops mode: 32-bit
Narrow klass base: 0x0000000000000000, Narrow klass shift: 3
Compressed class space size: 1073741824 Address: 0x0000000100000000

Heap:
 PSYoungGen      total 122880K, used 98564K [0x00000000d6000000, 0x00000000dec80000, 0x0000000100000000)
  eden space 109056K, 77% used [0x00000000d6000000,0x00000000db2c4a30,0x00000000dca80000)
  from space 13824K, 99% used [0x00000000dda00000,0x00000000de77c940,0x00000000de780000)
  to   space 5120K, 0% used [0x00000000de780000,0x00000000de780000,0x00000000dec80000)
 ParOldGen       total 72704K, used 24212K [0x0000000082000000, 0x0000000086700000, 0x00000000d6000000)
  object space 72704K, 33% used [0x0000000082000000,0x00000000837a5390,0x0000000086700000)
 Metaspace       used 27758K, capacity 28318K, committed 28416K, reserved 1075200K
  class space    used 3171K, capacity 3317K, committed 3328K, reserved 1048576K

Card table byte_map: [0x0000000011e20000,0x0000000012220000] byte_map_base: 0x0000000011a10000

Marking Bits: (ParMarkBitMap*) 0x00000000683f5ce0
 Begin Bits: [0x00000000128c0000, 0x0000000014840000)
 End Bits:   [0x0000000014840000, 0x00000000167c0000)

Polling page: 0x0000000000f40000

CodeCache: size=245760Kb used=19413Kb max_used=20483Kb free=226346Kb
 bounds [0x0000000002a60000, 0x0000000003e90000, 0x0000000011a60000]
 total_blobs=5560 nmethods=5119 adapters=353
 compilation: enabled

Compilation events (10 events):
Event: 29.657 Thread 0x0000000018dd0800 5973       1       org.apache.maven.surefire.util.internal.ImmutableMap$Node::getValue (5 bytes)
Event: 29.657 Thread 0x0000000018dd0800 nmethod 5973 0x0000000003cc17d0 code [0x0000000003cc1920, 0x0000000003cc1a30]
Event: 29.665 Thread 0x0000000018dd0800 5979       2       java.util.Collections$UnmodifiableMap$UnmodifiableEntrySet$UnmodifiableEntry::<init> (16 bytes)
Event: 29.665 Thread 0x0000000018dd0800 nmethod 5979 0x000000000378a750 code [0x000000000378a8c0, 0x000000000378aac8]
Event: 29.667 Thread 0x0000000018dd0800 5980       2       java.util.Collections$UnmodifiableMap$UnmodifiableEntrySet$1::next (20 bytes)
Event: 29.667 Thread 0x0000000018dd0800 nmethod 5980 0x0000000002eb3610 code [0x0000000002eb37a0, 0x0000000002eb3a78]
Event: 29.667 Thread 0x0000000018dd0800 5981       2       java.util.Collections$UnmodifiableMap$UnmodifiableEntrySet$1::next (5 bytes)
Event: 29.668 Thread 0x0000000018dd0800 nmethod 5981 0x0000000002f8d310 code [0x0000000002f8d4a0, 0x0000000002f8d778]
Event: 29.668 Thread 0x0000000018dd0800 5982       2       java.util.Collections$UnmodifiableMap$UnmodifiableEntrySet$UnmodifiableEntry::getKey (10 bytes)
Event: 29.668 Thread 0x0000000018dd0800 nmethod 5982 0x0000000002d1bf50 code [0x0000000002d1c0c0, 0x0000000002d1c248]

GC Heap History (10 events):
Event: 6.934 GC heap before
{Heap before GC invocations=6 (full 0):
 PSYoungGen      total 37888K, used 37888K [0x00000000d6000000, 0x00000000db200000, 0x0000000100000000)
  eden space 32768K, 100% used [0x00000000d6000000,0x00000000d8000000,0x00000000d8000000)
  from space 5120K, 100% used [0x00000000d8000000,0x00000000d8500000,0x00000000d8500000)
  to   space 9216K, 0% used [0x00000000da900000,0x00000000da900000,0x00000000db200000)
 ParOldGen       total 86016K, used 8916K [0x0000000082000000, 0x0000000087400000, 0x00000000d6000000)
  object space 86016K, 10% used [0x0000000082000000,0x00000000828b52e8,0x0000000087400000)
 Metaspace       used 16626K, capacity 17006K, committed 17152K, reserved 1064960K
  class space    used 1932K, capacity 2024K, committed 2048K, reserved 1048576K
Event: 6.953 GC heap after
Heap after GC invocations=6 (full 0):
 PSYoungGen      total 73728K, used 6848K [0x00000000d6000000, 0x00000000db100000, 0x0000000100000000)
  eden space 65536K, 0% used [0x00000000d6000000,0x00000000d6000000,0x00000000da000000)
  from space 8192K, 83% used [0x00000000da900000,0x00000000dafb0000,0x00000000db100000)
  to   space 8704K, 0% used [0x00000000da000000,0x00000000da000000,0x00000000da880000)
 ParOldGen       total 86016K, used 8916K [0x0000000082000000, 0x0000000087400000, 0x00000000d6000000)
  object space 86016K, 10% used [0x0000000082000000,0x00000000828b52e8,0x0000000087400000)
 Metaspace       used 16626K, capacity 17006K, committed 17152K, reserved 1064960K
  class space    used 1932K, capacity 2024K, committed 2048K, reserved 1048576K
}
Event: 11.647 GC heap before
{Heap before GC invocations=7 (full 0):
 PSYoungGen      total 73728K, used 60446K [0x00000000d6000000, 0x00000000db100000, 0x0000000100000000)
  eden space 65536K, 81% used [0x00000000d6000000,0x00000000d9457bf0,0x00000000da000000)
  from space 8192K, 83% used [0x00000000da900000,0x00000000dafb0000,0x00000000db100000)
  to   space 8704K, 0% used [0x00000000da000000,0x00000000da000000,0x00000000da880000)
 ParOldGen       total 86016K, used 8916K [0x0000000082000000, 0x0000000087400000, 0x00000000d6000000)
  object space 86016K, 10% used [0x0000000082000000,0x00000000828b52e8,0x0000000087400000)
 Metaspace       used 20606K, capacity 21146K, committed 21296K, reserved 1069056K
  class space    used 2470K, capacity 2640K, committed 2688K, reserved 1048576K
Event: 11.684 GC heap after
Heap after GC invocations=7 (full 0):
 PSYoungGen      total 74240K, used 8677K [0x00000000d6000000, 0x00000000df500000, 0x0000000100000000)
  eden space 65536K, 0% used [0x00000000d6000000,0x00000000d6000000,0x00000000da000000)
  from space 8704K, 99% used [0x00000000da000000,0x00000000da8795d0,0x00000000da880000)
  to   space 10752K, 0% used [0x00000000dea80000,0x00000000dea80000,0x00000000df500000)
 ParOldGen       total 86016K, used 12029K [0x0000000082000000, 0x0000000087400000, 0x00000000d6000000)
  object space 86016K, 13% used [0x0000000082000000,0x0000000082bbf580,0x0000000087400000)
 Metaspace       used 20606K, capacity 21146K, committed 21296K, reserved 1069056K
  class space    used 2470K, capacity 2640K, committed 2688K, reserved 1048576K
}
Event: 11.684 GC heap before
{Heap before GC invocations=8 (full 1):
 PSYoungGen      total 74240K, used 8677K [0x00000000d6000000, 0x00000000df500000, 0x0000000100000000)
  eden space 65536K, 0% used [0x00000000d6000000,0x00000000d6000000,0x00000000da000000)
  from space 8704K, 99% used [0x00000000da000000,0x00000000da8795d0,0x00000000da880000)
  to   space 10752K, 0% used [0x00000000dea80000,0x00000000dea80000,0x00000000df500000)
 ParOldGen       total 86016K, used 12029K [0x0000000082000000, 0x0000000087400000, 0x00000000d6000000)
  object space 86016K, 13% used [0x0000000082000000,0x0000000082bbf580,0x0000000087400000)
 Metaspace       used 20606K, capacity 21146K, committed 21296K, reserved 1069056K
  class space    used 2470K, capacity 2640K, committed 2688K, reserved 1048576K
Event: 11.893 GC heap after
Heap after GC invocations=8 (full 1):
 PSYoungGen      total 74240K, used 0K [0x00000000d6000000, 0x00000000df500000, 0x0000000100000000)
  eden space 65536K, 0% used [0x00000000d6000000,0x00000000d6000000,0x00000000da000000)
  from space 8704K, 0% used [0x00000000da000000,0x00000000da000000,0x00000000da880000)
  to   space 10752K, 0% used [0x00000000dea80000,0x00000000dea80000,0x00000000df500000)
 ParOldGen       total 72704K, used 15110K [0x0000000082000000, 0x0000000086700000, 0x00000000d6000000)
  object space 72704K, 20% used [0x0000000082000000,0x0000000082ec18b8,0x0000000086700000)
 Metaspace       used 20606K, capacity 21146K, committed 21296K, reserved 1069056K
  class space    used 2470K, capacity 2640K, committed 2688K, reserved 1048576K
}
Event: 15.824 GC heap before
{Heap before GC invocations=9 (full 1):
 PSYoungGen      total 74240K, used 65536K [0x00000000d6000000, 0x00000000df500000, 0x0000000100000000)
  eden space 65536K, 100% used [0x00000000d6000000,0x00000000da000000,0x00000000da000000)
  from space 8704K, 0% used [0x00000000da000000,0x00000000da000000,0x00000000da880000)
  to   space 10752K, 0% used [0x00000000dea80000,0x00000000dea80000,0x00000000df500000)
 ParOldGen       total 72704K, used 15110K [0x0000000082000000, 0x0000000086700000, 0x00000000d6000000)
  object space 72704K, 20% used [0x0000000082000000,0x0000000082ec18b8,0x0000000086700000)
 Metaspace       used 25167K, capacity 25696K, committed 25984K, reserved 1073152K
  class space    used 2939K, capacity 3089K, committed 3200K, reserved 1048576K
Event: 15.851 GC heap after
Heap after GC invocations=9 (full 1):
 PSYoungGen      total 100352K, used 10735K [0x00000000d6000000, 0x00000000df500000, 0x0000000100000000)
  eden space 89600K, 0% used [0x00000000d6000000,0x00000000d6000000,0x00000000db780000)
  from space 10752K, 99% used [0x00000000dea80000,0x00000000df4fbc70,0x00000000df500000)
  to   space 13824K, 0% used [0x00000000dda00000,0x00000000dda00000,0x00000000de780000)
 ParOldGen       total 72704K, used 18854K [0x0000000082000000, 0x0000000086700000, 0x00000000d6000000)
  object space 72704K, 25% used [0x0000000082000000,0x00000000832699a0,0x0000000086700000)
 Metaspace       used 25167K, capacity 25696K, committed 25984K, reserved 1073152K
  class space    used 2939K, capacity 3089K, committed 3200K, reserved 1048576K
}
Event: 19.364 GC heap before
{Heap before GC invocations=10 (full 1):
 PSYoungGen      total 100352K, used 100335K [0x00000000d6000000, 0x00000000df500000, 0x0000000100000000)
  eden space 89600K, 100% used [0x00000000d6000000,0x00000000db780000,0x00000000db780000)
  from space 10752K, 99% used [0x00000000dea80000,0x00000000df4fbc70,0x00000000df500000)
  to   space 13824K, 0% used [0x00000000dda00000,0x00000000dda00000,0x00000000de780000)
 ParOldGen       total 72704K, used 18854K [0x0000000082000000, 0x0000000086700000, 0x00000000d6000000)
  object space 72704K, 25% used [0x0000000082000000,0x00000000832699a0,0x0000000086700000)
 Metaspace       used 26736K, capacity 27326K, committed 27648K, reserved 1073152K
  class space    used 3080K, capacity 3221K, committed 3328K, reserved 1048576K
Event: 19.396 GC heap after
Heap after GC invocations=10 (full 1):
 PSYoungGen      total 122880K, used 13810K [0x00000000d6000000, 0x00000000dec80000, 0x0000000100000000)
  eden space 109056K, 0% used [0x00000000d6000000,0x00000000d6000000,0x00000000dca80000)
  from space 13824K, 99% used [0x00000000dda00000,0x00000000de77c940,0x00000000de780000)
  to   space 5120K, 0% used [0x00000000de780000,0x00000000de780000,0x00000000dec80000)
 ParOldGen       total 72704K, used 24212K [0x0000000082000000, 0x0000000086700000, 0x00000000d6000000)
  object space 72704K, 33% used [0x0000000082000000,0x00000000837a5390,0x0000000086700000)
 Metaspace       used 26736K, capacity 27326K, committed 27648K, reserved 1073152K
  class space    used 3080K, capacity 3221K, committed 3328K, reserved 1048576K
}

Deoptimization events (10 events):
Event: 20.480 Thread 0x0000000002962800 Uncommon trap: reason=class_check action=maybe_recompile pc=0x000000000319f86c method=java.util.Collections$UnmodifiableMap$UnmodifiableEntrySet$1.next()Ljava/util/Map$Entry; @ 8
Event: 20.480 Thread 0x0000000002962800 Uncommon trap: reason=class_check action=maybe_recompile pc=0x00000000031a6780 method=java.util.Collections$UnmodifiableMap$UnmodifiableEntrySet$UnmodifiableEntry.getKey()Ljava/lang/Object; @ 4
Event: 20.480 Thread 0x0000000002962800 Uncommon trap: reason=class_check action=maybe_recompile pc=0x00000000031a6500 method=java.util.Collections$UnmodifiableMap$UnmodifiableEntrySet$UnmodifiableEntry.getValue()Ljava/lang/Object; @ 4
Event: 20.481 Thread 0x0000000002962800 Uncommon trap: reason=class_check action=maybe_recompile pc=0x000000000319a7cc method=java.util.Collections$UnmodifiableMap$UnmodifiableEntrySet$1.hasNext()Z @ 4
Event: 20.481 Thread 0x0000000002962800 Uncommon trap: reason=class_check action=maybe_recompile pc=0x000000000319f86c method=java.util.Collections$UnmodifiableMap$UnmodifiableEntrySet$1.next()Ljava/util/Map$Entry; @ 8
Event: 20.481 Thread 0x0000000002962800 Uncommon trap: reason=class_check action=maybe_recompile pc=0x00000000031a6780 method=java.util.Collections$UnmodifiableMap$UnmodifiableEntrySet$UnmodifiableEntry.getKey()Ljava/lang/Object; @ 4
Event: 20.481 Thread 0x0000000002962800 Uncommon trap: reason=class_check action=maybe_recompile pc=0x00000000031a6500 method=java.util.Collections$UnmodifiableMap$UnmodifiableEntrySet$UnmodifiableEntry.getValue()Ljava/lang/Object; @ 4
Event: 21.912 Thread 0x000000001a623800 Uncommon trap: reason=unstable_if action=reinterpret pc=0x00000000037528d8 method=java.io.BufferedReader.readLine(Z)Ljava/lang/String; @ 265
Event: 22.232 Thread 0x000000001d577000 Uncommon trap: reason=unstable_if action=reinterpret pc=0x00000000037b13cc method=java.util.StringTokenizer.nextToken()Ljava/lang/String; @ 5
Event: 29.645 Thread 0x000000001d577000 Uncommon trap: reason=class_check action=maybe_recompile pc=0x0000000003c5c2f8 method=java.util.Collections$UnmodifiableMap.entrySet()Ljava/util/Set; @ 16

Classes redefined (0 events):
No events

Internal exceptions (10 events):
Event: 11.334 Thread 0x0000000002962800 Exception <a 'java/lang/ClassNotFoundException': com/sun/tools/javac/api/JavacTool> (0x00000000d8f73b30) thrown at [C:\re\workspace\8-2-build-windows-amd64-cygwin\jdk8u221\13320\hotspot\src\share\vm\classfile\systemDictionary.cpp, line 210]
Event: 13.199 Thread 0x0000000002962800 Exception <a 'java/io/FileNotFoundException'> (0x00000000d726b658) thrown at [C:\re\workspace\8-2-build-windows-amd64-cygwin\jdk8u221\13320\hotspot\src\share\vm\prims\jni.cpp, line 710]
Event: 13.207 Thread 0x0000000002962800 Exception <a 'java/io/FileNotFoundException'> (0x00000000d72a17e0) thrown at [C:\re\workspace\8-2-build-windows-amd64-cygwin\jdk8u221\13320\hotspot\src\share\vm\prims\jni.cpp, line 710]
Event: 16.072 Thread 0x0000000002962800 Exception <a 'java/io/FileNotFoundException'> (0x00000000d667c8e0) thrown at [C:\re\workspace\8-2-build-windows-amd64-cygwin\jdk8u221\13320\hotspot\src\share\vm\prims\jni.cpp, line 710]
Event: 16.073 Thread 0x0000000002962800 Exception <a 'java/io/FileNotFoundException'> (0x00000000d667e370) thrown at [C:\re\workspace\8-2-build-windows-amd64-cygwin\jdk8u221\13320\hotspot\src\share\vm\prims\jni.cpp, line 710]
Event: 17.783 Thread 0x0000000002962800 Exception <a 'java/lang/NoSuchMethodError': org.apache.maven.execution.MavenExecutionRequest.getFailureBehavior()Ljava/lang/String;> (0x00000000d8cfa800) thrown at [C:\re\workspace\8-2-build-windows-amd64-cygwin\jdk8u221\13320\hotspot\src\share\vm\interpr
Event: 17.932 Thread 0x0000000002962800 Implicit null exception at 0x00000000031a2fa0 to 0x00000000031a3011
Event: 17.932 Thread 0x0000000002962800 Implicit null exception at 0x00000000031b09f0 to 0x00000000031b0a41
Event: 18.863 Thread 0x0000000002962800 Implicit null exception at 0x0000000003434769 to 0x000000000343590d
Event: 19.545 Thread 0x0000000002962800 Implicit null exception at 0x0000000003d48996 to 0x0000000003d4ab49

Events (10 events):
Event: 29.640 loading class org/apache/maven/surefire/shade/org/apache/maven/shared/utils/xml/PrettyPrintXMLWriter done
Event: 29.640 loading class org/apache/maven/surefire/shade/org/apache/maven/shared/utils/xml/PrettyPrintXMLWriter
Event: 29.640 loading class org/apache/maven/surefire/shade/org/apache/maven/shared/utils/xml/PrettyPrintXMLWriter done
Event: 29.642 loading class org/apache/maven/surefire/shade/org/apache/maven/shared/utils/xml/XMLEncode
Event: 29.642 loading class org/apache/maven/surefire/shade/org/apache/maven/shared/utils/xml/XMLEncode done
Event: 29.642 loading class org/apache/maven/surefire/shade/org/apache/maven/shared/utils/xml/XMLEncode
Event: 29.643 loading class org/apache/maven/surefire/shade/org/apache/maven/shared/utils/xml/XMLEncode done
Event: 29.645 Thread 0x000000001d577000 Uncommon trap: trap_request=0xffffffde fr.pc=0x0000000003c5c2f8
Event: 29.645 Thread 0x000000001d577000 DEOPT PACKING pc=0x0000000003c5c2f8 sp=0x000000001fb5ed50
Event: 29.645 Thread 0x000000001d577000 DEOPT UNPACKING pc=0x0000000002aa583b sp=0x000000001fb5ecf0 mode 2


Dynamic libraries:
0x00007ff74aff0000 - 0x00007ff74b027000 	C:\Program Files\Java\jdk1.8.0_221\bin\java.exe
0x00007ff9dbb00000 - 0x00007ff9dbcf0000 	C:\WINDOWS\SYSTEM32\ntdll.dll
0x00007ff9da3d0000 - 0x00007ff9da482000 	C:\WINDOWS\System32\KERNEL32.DLL
0x00007ff9d8b20000 - 0x00007ff9d8dc5000 	C:\WINDOWS\System32\KERNELBASE.dll
0x00007ff9da320000 - 0x00007ff9da3c3000 	C:\WINDOWS\System32\ADVAPI32.dll
0x00007ff9d9bb0000 - 0x00007ff9d9c4e000 	C:\WINDOWS\System32\msvcrt.dll
0x00007ff9da270000 - 0x00007ff9da307000 	C:\WINDOWS\System32\sechost.dll
0x00007ff9da140000 - 0x00007ff9da260000 	C:\WINDOWS\System32\RPCRT4.dll
0x00007ff9d9ef0000 - 0x00007ff9da084000 	C:\WINDOWS\System32\USER32.dll
0x00007ff9d98f0000 - 0x00007ff9d9911000 	C:\WINDOWS\System32\win32u.dll
0x00007ff9da620000 - 0x00007ff9da646000 	C:\WINDOWS\System32\GDI32.dll
0x00007ff9d9750000 - 0x00007ff9d98e6000 	C:\WINDOWS\System32\gdi32full.dll
0x00007ff9d8a80000 - 0x00007ff9d8b1e000 	C:\WINDOWS\System32\msvcp_win.dll
0x00007ff9d8df0000 - 0x00007ff9d8eea000 	C:\WINDOWS\System32\ucrtbase.dll
0x00007ff9bf0a0000 - 0x00007ff9bf324000 	C:\WINDOWS\WinSxS\amd64_microsoft.windows.common-controls_6595b64144ccf1df_6.0.18362.1198_none_9e820b57e45ad92f\COMCTL32.dll
0x00007ff9db310000 - 0x00007ff9db645000 	C:\WINDOWS\System32\combase.dll
0x00007ff9d8ef0000 - 0x00007ff9d8f70000 	C:\WINDOWS\System32\bcryptPrimitives.dll
0x00007ff9da5f0000 - 0x00007ff9da61e000 	C:\WINDOWS\System32\IMM32.DLL
0x0000000067af0000 - 0x0000000067bc2000 	C:\Program Files\Java\jdk1.8.0_221\jre\bin\msvcr100.dll
0x0000000067bd0000 - 0x0000000068475000 	C:\Program Files\Java\jdk1.8.0_221\jre\bin\server\jvm.dll
0x00007ff9da260000 - 0x00007ff9da268000 	C:\WINDOWS\System32\PSAPI.DLL
0x00007ff9d18b0000 - 0x00007ff9d18ba000 	C:\WINDOWS\SYSTEM32\VERSION.dll
0x00007ff9d4400000 - 0x00007ff9d4424000 	C:\WINDOWS\SYSTEM32\WINMM.dll
0x00007ff9d4390000 - 0x00007ff9d43bd000 	C:\WINDOWS\SYSTEM32\winmmbase.dll
0x00007ff9c9a80000 - 0x00007ff9c9a89000 	C:\WINDOWS\SYSTEM32\WSOCK32.dll
0x00007ff9d8f70000 - 0x00007ff9d8fba000 	C:\WINDOWS\System32\cfgmgr32.dll
0x00007ff9db2a0000 - 0x00007ff9db30f000 	C:\WINDOWS\System32\WS2_32.dll
0x00007ff9c9a30000 - 0x00007ff9c9a3f000 	C:\Program Files\Java\jdk1.8.0_221\jre\bin\verify.dll
0x00007ff9c9a00000 - 0x00007ff9c9a29000 	C:\Program Files\Java\jdk1.8.0_221\jre\bin\java.dll
0x00007ff9c99e0000 - 0x00007ff9c99f6000 	C:\Program Files\Java\jdk1.8.0_221\jre\bin\zip.dll
0x00007ff9da650000 - 0x00007ff9dad37000 	C:\WINDOWS\System32\SHELL32.dll
0x00007ff9d9cb0000 - 0x00007ff9d9d59000 	C:\WINDOWS\System32\shcore.dll
0x00007ff9d8fc0000 - 0x00007ff9d9741000 	C:\WINDOWS\System32\windows.storage.dll
0x00007ff9d89c0000 - 0x00007ff9d89e3000 	C:\WINDOWS\System32\profapi.dll
0x00007ff9d8a30000 - 0x00007ff9d8a7a000 	C:\WINDOWS\System32\powrprof.dll
0x00007ff9d89b0000 - 0x00007ff9d89c0000 	C:\WINDOWS\System32\UMPDC.dll
0x00007ff9d9c50000 - 0x00007ff9d9ca2000 	C:\WINDOWS\System32\shlwapi.dll
0x00007ff9d8a10000 - 0x00007ff9d8a21000 	C:\WINDOWS\System32\kernel.appcore.dll
0x00007ff9d8dd0000 - 0x00007ff9d8de7000 	C:\WINDOWS\System32\cryptsp.dll
0x00007ff9d3720000 - 0x00007ff9d372a000 	C:\Program Files\apache-maven-3.6.3\lib\jansi-native\windows64\jansi.dll
0x00007ff9d32f0000 - 0x00007ff9d330a000 	C:\Program Files\Java\jdk1.8.0_221\jre\bin\net.dll
0x00007ff9c8330000 - 0x00007ff9c8506000 	C:\WINDOWS\SYSTEM32\urlmon.dll
0x00007ff9c88a0000 - 0x00007ff9c8b47000 	C:\WINDOWS\SYSTEM32\iertutil.dll
0x00007ff9d8330000 - 0x00007ff9d833c000 	C:\WINDOWS\SYSTEM32\CRYPTBASE.DLL
0x00007ff9d81b0000 - 0x00007ff9d8217000 	C:\WINDOWS\system32\mswsock.dll
0x00007ff9d32d0000 - 0x00007ff9d32e2000 	C:\Program Files\Java\jdk1.8.0_221\jre\bin\nio.dll
0x00007ff9d32c0000 - 0x00007ff9d32cd000 	C:\Program Files\Java\jdk1.8.0_221\jre\bin\management.dll
0x00007ff9d3070000 - 0x00007ff9d3086000 	C:\WINDOWS\system32\napinsp.dll
0x00007ff9d3050000 - 0x00007ff9d306a000 	C:\WINDOWS\system32\pnrpnsp.dll
0x00007ff9d7f10000 - 0x00007ff9d7fdb000 	C:\WINDOWS\SYSTEM32\DNSAPI.dll
0x00007ff9da310000 - 0x00007ff9da318000 	C:\WINDOWS\System32\NSI.dll
0x00007ff9d7ed0000 - 0x00007ff9d7f0a000 	C:\WINDOWS\SYSTEM32\IPHLPAPI.DLL
0x00007ff9d3c20000 - 0x00007ff9d3c2e000 	C:\WINDOWS\System32\winrnr.dll
0x00007ff9d6140000 - 0x00007ff9d615c000 	C:\WINDOWS\system32\NLAapi.dll
0x00007ff9d3e30000 - 0x00007ff9d3e45000 	C:\WINDOWS\system32\wshbth.dll
0x00007ff9ca930000 - 0x00007ff9ca93a000 	C:\Windows\System32\rasadhlp.dll
0x00007ff9d7d30000 - 0x00007ff9d7d63000 	C:\WINDOWS\system32\rsaenh.dll
0x00007ff9d9b80000 - 0x00007ff9d9ba6000 	C:\WINDOWS\System32\bcrypt.dll
0x00007ff9cf3c0000 - 0x00007ff9cf437000 	C:\WINDOWS\System32\fwpuclnt.dll
0x00007ff9d88d0000 - 0x00007ff9d88f5000 	C:\WINDOWS\SYSTEM32\USERENV.dll
0x00007ff9d0030000 - 0x00007ff9d0046000 	C:\WINDOWS\SYSTEM32\dhcpcsvc6.DLL
0x00007ff9d0010000 - 0x00007ff9d002c000 	C:\WINDOWS\SYSTEM32\dhcpcsvc.DLL

VM Arguments:
jvm_args: -Dclassworlds.conf=C:\Program Files\apache-maven-3.6.3\bin\..\bin\m2.conf -Dmaven.home=C:\Program Files\apache-maven-3.6.3\bin\.. -Dlibrary.jansi.path=C:\Program Files\apache-maven-3.6.3\bin\..\lib\jansi-native -Dmaven.multiModuleProjectDirectory=C:\Users\Mibse\Desktop\cph\sem3\Eksamen\3SemProject 
java_command: org.codehaus.plexus.classworlds.launcher.Launcher -Dmaven.ext.class.path=C:\Program Files\NetBeans-12.0\netbeans\java\maven-nblib\netbeans-eventspy.jar -Dfile.encoding=UTF-8 clean install
java_class_path (initial): C:\Program Files\apache-maven-3.6.3\bin\..\boot\plexus-classworlds-2.6.0.jar
Launcher Type: SUN_STANDARD

Environment Variables:
JAVA_HOME=C:\Program Files\Java\jdk1.8.0_221
PATH=C:\Python38\Scripts\;C:\Python38\;C:\Program Files (x86)\Common Files\Oracle\Java\javapath;C:\ProgramData\Oracle\Java\javapath;C:\Program Files (x86)\Intel\iCLS Client\;C:\Program Files\Intel\iCLS Client\;C:\Windows\system32;C:\Windows;C:\Windows\System32\Wbem;C:\Windows\System32\WindowsPowerShell\v1.0\;C:\Program Files (x86)\Intel\Intel(R) Management Engine Components\DAL;C:\Program Files\Intel\Intel(R) Management Engine Components\DAL;C:\Program Files (x86)\Intel\Intel(R) Management Engine Components\IPT;C:\Program Files\Intel\Intel(R) Management Engine Components\IPT;C:\Program Files (x86)\NVIDIA Corporation\PhysX\Common;C:\WINDOWS\system32;C:\WINDOWS;C:\WINDOWS\System32\Wbem;C:\WINDOWS\System32\WindowsPowerShell\v1.0\;C:\Program Files (x86)\Skype\Phone\;C:\WINDOWS\System32\OpenSSH\;C:\Program Files\NVIDIA Corporation\NVIDIA NvDLISR;C:\Program Files\Java\jdk1.8.0_221\bin;C:\WINDOWS\system32;C:\WINDOWS;C:\WINDOWS\System32\Wbem;C:\WINDOWS\System32\WindowsPowerShell\v1.0\;C:\WINDOWS\System32\OpenSSH\;D:\programmer\Git\cmd;C:\Program Files\Docker\Docker\resources\bin;C:\ProgramData\DockerDesktop\version-bin;C:\Program Files\apache-maven-3.6.3\bin;C:\Program Files\nodejs\;C:\ProgramData\chocolatey\bin;C:\Users\Mibse\AppData\Local\Microsoft\WindowsApps;;D:\programmer\IntelliJ IDEA 2019.3.3\bin;;C:\Users\Mibse\AppData\Roaming\npm;C:\Users\Mibse\AppData\Local\Programs\Microsoft VS Code\bin
USERNAME=Mibsen
OS=Windows_NT
PROCESSOR_IDENTIFIER=Intel64 Family 6 Model 78 Stepping 3, GenuineIntel



---------------  S Y S T E M  ---------------

OS: Windows 10.0 , 64 bit Build 18362 (10.0.18362.1110)

CPU:total 4 (initial active 4) (2 cores per cpu, 2 threads per core) family 6 model 78 stepping 3, cmov, cx8, fxsr, mmx, sse, sse2, sse3, ssse3, sse4.1, sse4.2, popcnt, avx, avx2, aes, clmul, erms, 3dnowpref, lzcnt, ht, tsc, tscinvbit, bmi1, bmi2, adx

Memory: 4k page, physical 8252528k(297356k free), swap 33158764k(2188k free)

vm_info: Java HotSpot(TM) 64-Bit Server VM (25.221-b11) for windows-amd64 JRE (1.8.0_221-b11), built on Jul  4 2019 04:39:29 by "java_re" with MS VC++ 10.0 (VS2010)

time: Wed Dec 02 09:46:30 2020
timezone: Rom, normaltid
elapsed time: 29 seconds (0d 0h 0m 29s)

